<?xml version="1.0" encoding="UTF-8"?>
<!-- Generated by org.testng.reporters.JUnitXMLReporter -->
<testsuite ignored="0" hostname="Vamsi" failures="2" tests="4" name="Test" time="24.088" errors="0" timestamp="2023-12-14T17:22:46 IST">
  <testcase classname="TestNg.Soft_Assert" name="sample" time="0.003"/>
  <testcase classname="TestNg.Soft_Assert" name="softAssert" time="0.013">
    <failure type="java.lang.AssertionError" message="The following asserts failed:
	expected [__] but found [Facebook – log in or sign up]">
      <![CDATA[java.lang.AssertionError: The following asserts failed:
expected [__] but found [Facebook – log in or sign up]
at TestNg.Soft_Assert.softAssert(Soft_Assert.java:15)
at java.base/java.util.ArrayList.forEach(ArrayList.java:1511)
... Removed 29 stack frames]]>
    </failure>
  </testcase> <!-- softAssert -->
  <testcase classname="TestNg.Assertion" name="Hard_Assert" time="0.006">
    <failure type="java.lang.AssertionError" message="expected [Facebook] but found [Facebook – log in or sign up]">
      <![CDATA[java.lang.AssertionError: expected [Facebook] but found [Facebook – log in or sign up]
at TestNg.Assertion.Hard_Assert(Assertion.java:12)
at java.base/java.util.ArrayList.forEach(ArrayList.java:1511)
... Removed 33 stack frames]]>
    </failure>
  </testcase> <!-- Hard_Assert -->
  <testcase classname="TestNg.Assertion" name="a1" time="0.003"/>
</testsuite> <!-- Test -->
